<?xml version="1.0" encoding="UTF-8"?>
<!-- Generated by org.testng.reporters.JUnitXMLReporter -->
<testsuite ignored="0" hostname="Emilys-MacBook-Air.local" failures="0" tests="5" name="Test" time="18.993" errors="0" timestamp="2022-12-28T22:45:29 EST">
  <testcase classname="tests.annotation" name="tc01" time="0.01"/>
  <testcase classname="tests.annotation" name="tc_report" time="0.002"/>
  <testcase classname="tests.NewTest" name="f" time="0.002"/>
  <testcase classname="tests.SauceDemoLoginTests" name="credentialTest" time="3.281"/>
  <testcase classname="tests.SauceDemoLoginTests" name="credentialTest" time="4.541"/>
</testsuite> <!-- Test -->
