<?xml version="1.0" encoding="UTF-8"?>
<testng-results ignored="0" total="2" passed="2" failed="0" skipped="0">
  <reporter-output>
  </reporter-output>
  <suite started-at="2022-12-22T00:34:19 EST" name="Default suite" finished-at="2022-12-22T00:34:37 EST" duration-ms="18065">
    <groups>
    </groups>
    <test started-at="2022-12-22T00:34:19 EST" name="Default test" finished-at="2022-12-22T00:34:37 EST" duration-ms="18065">
      <class name="tests.SauceDemoLoginTests">
        <test-method is-config="true" signature="setup()[pri:0, instance:tests.SauceDemoLoginTests@6a01e23]" started-at="2022-12-22T00:34:19 EST" name="setup" finished-at="2022-12-22T00:34:30 EST" duration-ms="10757" status="PASS">
          <reporter-output>
          </reporter-output>
        </test-method> <!-- setup -->
        <test-method signature="credentialTest(java.lang.String,java.lang.String)[pri:0, instance:tests.SauceDemoLoginTests@6a01e23]" started-at="2022-12-22T00:34:30 EST" name="credentialTest" data-provider="credential" finished-at="2022-12-22T00:34:32 EST" duration-ms="2330" status="PASS">
          <params>
            <param index="0">
              <value>
                <![CDATA[standard_user]]>
              </value>
            </param>
            <param index="1">
              <value>
                <![CDATA[standardhhfvajk]]>
              </value>
            </param>
          </params>
          <reporter-output>
          </reporter-output>
        </test-method> <!-- credentialTest -->
        <test-method is-config="true" signature="quitDriver()[pri:0, instance:tests.SauceDemoLoginTests@6a01e23]" started-at="2022-12-22T00:34:32 EST" name="quitDriver" finished-at="2022-12-22T00:34:33 EST" duration-ms="206" status="PASS">
          <reporter-output>
          </reporter-output>
        </test-method> <!-- quitDriver -->
        <test-method is-config="true" signature="setup()[pri:0, instance:tests.SauceDemoLoginTests@6a01e23]" started-at="2022-12-22T00:34:33 EST" name="setup" finished-at="2022-12-22T00:34:35 EST" duration-ms="2541" status="PASS">
          <reporter-output>
          </reporter-output>
        </test-method> <!-- setup -->
        <test-method signature="credentialTest(java.lang.String,java.lang.String)[pri:0, instance:tests.SauceDemoLoginTests@6a01e23]" started-at="2022-12-22T00:34:35 EST" name="credentialTest" data-provider="credential" finished-at="2022-12-22T00:34:37 EST" duration-ms="1990" status="PASS">
          <params>
            <param index="0">
              <value>
                <![CDATA[standard_user11]]>
              </value>
            </param>
            <param index="1">
              <value>
                <![CDATA[secret_sauce]]>
              </value>
            </param>
          </params>
          <reporter-output>
          </reporter-output>
        </test-method> <!-- credentialTest -->
        <test-method is-config="true" signature="quitDriver()[pri:0, instance:tests.SauceDemoLoginTests@6a01e23]" started-at="2022-12-22T00:34:37 EST" name="quitDriver" finished-at="2022-12-22T00:34:37 EST" duration-ms="181" status="PASS">
          <reporter-output>
          </reporter-output>
        </test-method> <!-- quitDriver -->
      </class> <!-- tests.SauceDemoLoginTests -->
    </test> <!-- Default test -->
  </suite> <!-- Default suite -->
</testng-results>
