<?xml version="1.0" encoding="UTF-8"?>
<testng-results ignored="0" total="2" passed="2" failed="0" skipped="0">
  <reporter-output>
  </reporter-output>
  <suite started-at="2022-12-29T22:44:23 EST" name="Default suite" finished-at="2022-12-29T22:44:47 EST" duration-ms="23673">
    <groups>
    </groups>
    <test started-at="2022-12-29T22:44:23 EST" name="Default test" finished-at="2022-12-29T22:44:47 EST" duration-ms="23673">
      <class name="tests.SauceDemoLoginTests">
        <test-method is-config="true" signature="setup()[pri:0, instance:tests.SauceDemoLoginTests@6a01e23]" started-at="2022-12-29T22:44:23 EST" name="setup" finished-at="2022-12-29T22:44:36 EST" duration-ms="13043" status="PASS">
          <reporter-output>
          </reporter-output>
        </test-method> <!-- setup -->
        <test-method signature="credentialTest(java.lang.String,java.lang.String)[pri:0, instance:tests.SauceDemoLoginTests@6a01e23]" started-at="2022-12-29T22:44:36 EST" name="credentialTest" data-provider="credential" finished-at="2022-12-29T22:44:41 EST" duration-ms="4762" status="PASS">
          <params>
            <param index="0">
              <value>
                <![CDATA[standard_user]]>
              </value>
            </param>
            <param index="1">
              <value>
                <![CDATA[standardhhfvajk]]>
              </value>
            </param>
          </params>
          <reporter-output>
          </reporter-output>
        </test-method> <!-- credentialTest -->
        <test-method is-config="true" signature="quitDriver()[pri:0, instance:tests.SauceDemoLoginTests@6a01e23]" started-at="2022-12-29T22:44:41 EST" name="quitDriver" finished-at="2022-12-29T22:44:41 EST" duration-ms="309" status="PASS">
          <reporter-output>
          </reporter-output>
        </test-method> <!-- quitDriver -->
        <test-method is-config="true" signature="setup()[pri:0, instance:tests.SauceDemoLoginTests@6a01e23]" started-at="2022-12-29T22:44:41 EST" name="setup" finished-at="2022-12-29T22:44:44 EST" duration-ms="3182" status="PASS">
          <reporter-output>
          </reporter-output>
        </test-method> <!-- setup -->
        <test-method signature="credentialTest(java.lang.String,java.lang.String)[pri:0, instance:tests.SauceDemoLoginTests@6a01e23]" started-at="2022-12-29T22:44:44 EST" name="credentialTest" data-provider="credential" finished-at="2022-12-29T22:44:47 EST" duration-ms="2184" status="PASS">
          <params>
            <param index="0">
              <value>
                <![CDATA[standard_user11]]>
              </value>
            </param>
            <param index="1">
              <value>
                <![CDATA[secret_sauce]]>
              </value>
            </param>
          </params>
          <reporter-output>
          </reporter-output>
        </test-method> <!-- credentialTest -->
        <test-method is-config="true" signature="quitDriver()[pri:0, instance:tests.SauceDemoLoginTests@6a01e23]" started-at="2022-12-29T22:44:47 EST" name="quitDriver" finished-at="2022-12-29T22:44:47 EST" duration-ms="118" status="PASS">
          <reporter-output>
          </reporter-output>
        </test-method> <!-- quitDriver -->
      </class> <!-- tests.SauceDemoLoginTests -->
    </test> <!-- Default test -->
  </suite> <!-- Default suite -->
</testng-results>
